2022-05-12 02:06:01.754  INFO DESKTOP-TSE11M0 --- [           main] c.u.a.c.UserController                   : UserController getAll called.
2022-05-12 02:06:01.774  INFO DESKTOP-TSE11M0 --- [           main] c.u.a.c.UserController                   : UserController getAll response: [User [firstName=first name, lastName=last name, email=test@email.com, error=[]]]
2022-05-12 02:06:01.810  INFO DESKTOP-TSE11M0 --- [           main] c.u.a.c.UserController                   : UserController createUpdateUser called. user: User [firstName=first name, lastName=last name, email=test@email.com, error=[]]
2022-05-12 02:06:01.813  INFO DESKTOP-TSE11M0 --- [           main] c.u.a.c.UserController                   : UserController createUpdateUser response: [User [firstName=first name, lastName=last name, email=test@email.com, error=[]]]
2022-05-12 02:06:01.887  INFO DESKTOP-TSE11M0 --- [           main] c.u.a.c.UserController                   : UserController deleteUserById called. id: 1
2022-05-12 02:06:01.888  INFO DESKTOP-TSE11M0 --- [           main] c.u.a.c.UserController                   : UserController deleteUserById response: [User [firstName=first name, lastName=last name, email=test@email.com, error=[]]]
2022-05-12 02:06:01.903  INFO DESKTOP-TSE11M0 --- [           main] c.u.a.c.UserController                   : UserController deleteUserById called. id: 2
2022-05-12 02:06:01.904  INFO DESKTOP-TSE11M0 --- [           main] c.u.a.c.UserController                   : UserController deleteUserById response: [User [firstName=null, lastName=null, email=null, error=[Unable to find user id: 2]]]
2022-05-12 02:06:02.086  INFO DESKTOP-TSE11M0 --- [           main] .b.t.c.SpringBootTestContextBootstrapper : Neither @ContextConfiguration nor @ContextHierarchy found for test class [com.user.account.UserAccountApplicationTests], using SpringBootContextLoader
2022-05-12 02:06:02.090  INFO DESKTOP-TSE11M0 --- [           main] o.s.t.c.s.AbstractContextLoader          : Could not detect default resource locations for test class [com.user.account.UserAccountApplicationTests]: no resource found for suffixes {-context.xml, Context.groovy}.
2022-05-12 02:06:02.091  INFO DESKTOP-TSE11M0 --- [           main] t.c.s.AnnotationConfigContextLoaderUtils : Could not detect default configuration classes for test class [com.user.account.UserAccountApplicationTests]: UserAccountApplicationTests does not declare any static, non-private, non-final, nested classes annotated with @Configuration.
2022-05-12 02:06:02.215  INFO DESKTOP-TSE11M0 --- [           main] .b.t.c.SpringBootTestContextBootstrapper : Found @SpringBootConfiguration com.user.account.UserAccountApplication for test class com.user.account.UserAccountApplicationTests
2022-05-12 02:06:02.339  INFO DESKTOP-TSE11M0 --- [           main] .b.t.c.SpringBootTestContextBootstrapper : Loaded default TestExecutionListener class names from location [META-INF/spring.factories]: [org.springframework.boot.test.mock.mockito.MockitoTestExecutionListener, org.springframework.boot.test.mock.mockito.ResetMocksTestExecutionListener, org.springframework.boot.test.autoconfigure.restdocs.RestDocsTestExecutionListener, org.springframework.boot.test.autoconfigure.web.client.MockRestServiceServerResetTestExecutionListener, org.springframework.boot.test.autoconfigure.web.servlet.MockMvcPrintOnlyOnFailureTestExecutionListener, org.springframework.boot.test.autoconfigure.web.servlet.WebDriverTestExecutionListener, org.springframework.boot.test.autoconfigure.webservices.client.MockWebServiceServerTestExecutionListener, org.springframework.test.context.web.ServletTestExecutionListener, org.springframework.test.context.support.DirtiesContextBeforeModesTestExecutionListener, org.springframework.test.context.event.ApplicationEventsTestExecutionListener, org.springframework.test.context.support.DependencyInjectionTestExecutionListener, org.springframework.test.context.support.DirtiesContextTestExecutionListener, org.springframework.test.context.transaction.TransactionalTestExecutionListener, org.springframework.test.context.jdbc.SqlScriptsTestExecutionListener, org.springframework.test.context.event.EventPublishingTestExecutionListener]
2022-05-12 02:06:02.369  INFO DESKTOP-TSE11M0 --- [           main] .b.t.c.SpringBootTestContextBootstrapper : Using TestExecutionListeners: [org.springframework.test.context.web.ServletTestExecutionListener@1e9bbb27, org.springframework.test.context.support.DirtiesContextBeforeModesTestExecutionListener@56d8f131, org.springframework.test.context.event.ApplicationEventsTestExecutionListener@4116167e, org.springframework.boot.test.mock.mockito.MockitoTestExecutionListener@74e2de39, org.springframework.boot.test.autoconfigure.SpringBootDependencyInjectionTestExecutionListener@37630101, org.springframework.test.context.support.DirtiesContextTestExecutionListener@26a32fa5, org.springframework.test.context.transaction.TransactionalTestExecutionListener@57f778e9, org.springframework.test.context.jdbc.SqlScriptsTestExecutionListener@35067738, org.springframework.test.context.event.EventPublishingTestExecutionListener@1a420390, org.springframework.boot.test.mock.mockito.ResetMocksTestExecutionListener@2523c97a, org.springframework.boot.test.autoconfigure.restdocs.RestDocsTestExecutionListener@49ffcd07, org.springframework.boot.test.autoconfigure.web.client.MockRestServiceServerResetTestExecutionListener@4fc6dcb7, org.springframework.boot.test.autoconfigure.web.servlet.MockMvcPrintOnlyOnFailureTestExecutionListener@4512085c, org.springframework.boot.test.autoconfigure.web.servlet.WebDriverTestExecutionListener@7e41619d, org.springframework.boot.test.autoconfigure.webservices.client.MockWebServiceServerTestExecutionListener@49e11ca7]
2022-05-12 02:06:02.653  INFO DESKTOP-TSE11M0 --- [kground-preinit] o.h.v.i.u.Version                        : HV000001: Hibernate Validator 6.2.3.Final
2022-05-12 02:06:02.695  INFO DESKTOP-TSE11M0 --- [           main] c.u.a.UserAccountApplicationTests        : Starting UserAccountApplicationTests using Java 11.0.8-internal on DESKTOP-TSE11M0 with PID 27904 (started by ThinG in D:\Git\UserAccount\UserAccount)
2022-05-12 02:06:02.698  INFO DESKTOP-TSE11M0 --- [           main] c.u.a.UserAccountApplicationTests        : No active profile set, falling back to 1 default profile: "default"
2022-05-12 02:06:03.396  INFO DESKTOP-TSE11M0 --- [           main] .s.d.r.c.RepositoryConfigurationDelegate : Bootstrapping Spring Data JPA repositories in DEFAULT mode.
2022-05-12 02:06:03.446  INFO DESKTOP-TSE11M0 --- [           main] .s.d.r.c.RepositoryConfigurationDelegate : Finished Spring Data repository scanning in 40 ms. Found 1 JPA repository interfaces.
2022-05-12 02:06:04.176  INFO DESKTOP-TSE11M0 --- [           main] o.h.j.i.u.LogHelper                      : HHH000204: Processing PersistenceUnitInfo [name: default]
2022-05-12 02:06:04.247  INFO DESKTOP-TSE11M0 --- [           main] o.h.Version                              : HHH000412: Hibernate ORM core version 5.6.8.Final
2022-05-12 02:06:04.297  INFO DESKTOP-TSE11M0 --- [           main] o.h.a.c.Version                          : HCANN000001: Hibernate Commons Annotations {5.1.2.Final}
2022-05-12 02:06:04.627  INFO DESKTOP-TSE11M0 --- [           main] c.z.h.HikariDataSource                   : HikariPool-1 - Starting...
2022-05-12 02:06:05.023  INFO DESKTOP-TSE11M0 --- [           main] c.z.h.HikariDataSource                   : HikariPool-1 - Start completed.
2022-05-12 02:06:05.050  INFO DESKTOP-TSE11M0 --- [           main] o.h.d.Dialect                            : HHH000400: Using dialect: org.hibernate.dialect.MySQL5Dialect
2022-05-12 02:06:05.726  INFO DESKTOP-TSE11M0 --- [           main] o.h.e.t.j.p.i.JtaPlatformInitiator       : HHH000490: Using JtaPlatform implementation: [org.hibernate.engine.transaction.jta.platform.internal.NoJtaPlatform]
2022-05-12 02:06:05.736  INFO DESKTOP-TSE11M0 --- [           main] j.LocalContainerEntityManagerFactoryBean : Initialized JPA EntityManagerFactory for persistence unit 'default'
2022-05-12 02:06:06.485  WARN DESKTOP-TSE11M0 --- [           main] JpaBaseConfiguration$JpaWebConfiguration : spring.jpa.open-in-view is enabled by default. Therefore, database queries may be performed during view rendering. Explicitly configure spring.jpa.open-in-view to disable this warning
2022-05-12 02:06:07.164  INFO DESKTOP-TSE11M0 --- [           main] c.u.a.UserAccountApplicationTests        : Started UserAccountApplicationTests in 4.756 seconds (JVM running for 7.414)
2022-05-12 02:06:07.206  INFO DESKTOP-TSE11M0 --- [ionShutdownHook] j.LocalContainerEntityManagerFactoryBean : Closing JPA EntityManagerFactory for persistence unit 'default'
2022-05-12 02:06:07.208  INFO DESKTOP-TSE11M0 --- [ionShutdownHook] c.z.h.HikariDataSource                   : HikariPool-1 - Shutdown initiated...
2022-05-12 02:06:07.218  INFO DESKTOP-TSE11M0 --- [ionShutdownHook] c.z.h.HikariDataSource                   : HikariPool-1 - Shutdown completed.
2022-05-12 02:44:59.403  INFO DESKTOP-TSE11M0 --- [           main] c.u.a.c.UserController                   : UserController getAll called.
2022-05-12 02:44:59.424  INFO DESKTOP-TSE11M0 --- [           main] c.u.a.c.UserController                   : UserController getAll response: [User [firstName=first name, lastName=last name, email=test@email.com, error=[]]]
2022-05-12 02:44:59.458  INFO DESKTOP-TSE11M0 --- [           main] c.u.a.c.UserController                   : UserController createUpdateUser called. user: User [firstName=first name, lastName=last name, email=test@email.com, error=[]]
2022-05-12 02:44:59.460  INFO DESKTOP-TSE11M0 --- [           main] c.u.a.c.UserController                   : UserController createUpdateUser response: [User [firstName=first name, lastName=last name, email=test@email.com, error=[]]]
2022-05-12 02:44:59.528  INFO DESKTOP-TSE11M0 --- [           main] c.u.a.c.UserController                   : UserController deleteUserById called. id: 1
2022-05-12 02:44:59.529  INFO DESKTOP-TSE11M0 --- [           main] c.u.a.c.UserController                   : UserController deleteUserById response: [User [firstName=first name, lastName=last name, email=test@email.com, error=[]]]
2022-05-12 02:44:59.540  INFO DESKTOP-TSE11M0 --- [           main] c.u.a.c.UserController                   : UserController deleteUserById called. id: 2
2022-05-12 02:44:59.541  INFO DESKTOP-TSE11M0 --- [           main] c.u.a.c.UserController                   : UserController deleteUserById response: [User [firstName=null, lastName=null, email=null, error=[Unable to find user id: 2]]]
2022-05-12 02:44:59.926  INFO DESKTOP-TSE11M0 --- [           main] .b.t.c.SpringBootTestContextBootstrapper : Neither @ContextConfiguration nor @ContextHierarchy found for test class [com.user.account.UserAccountApplicationTests], using SpringBootContextLoader
2022-05-12 02:44:59.930  INFO DESKTOP-TSE11M0 --- [           main] o.s.t.c.s.AbstractContextLoader          : Could not detect default resource locations for test class [com.user.account.UserAccountApplicationTests]: no resource found for suffixes {-context.xml, Context.groovy}.
2022-05-12 02:44:59.931  INFO DESKTOP-TSE11M0 --- [           main] t.c.s.AnnotationConfigContextLoaderUtils : Could not detect default configuration classes for test class [com.user.account.UserAccountApplicationTests]: UserAccountApplicationTests does not declare any static, non-private, non-final, nested classes annotated with @Configuration.
2022-05-12 02:45:00.061  INFO DESKTOP-TSE11M0 --- [           main] .b.t.c.SpringBootTestContextBootstrapper : Found @SpringBootConfiguration com.user.account.UserAccountApplication for test class com.user.account.UserAccountApplicationTests
2022-05-12 02:45:00.176  INFO DESKTOP-TSE11M0 --- [           main] .b.t.c.SpringBootTestContextBootstrapper : Loaded default TestExecutionListener class names from location [META-INF/spring.factories]: [org.springframework.boot.test.mock.mockito.MockitoTestExecutionListener, org.springframework.boot.test.mock.mockito.ResetMocksTestExecutionListener, org.springframework.boot.test.autoconfigure.restdocs.RestDocsTestExecutionListener, org.springframework.boot.test.autoconfigure.web.client.MockRestServiceServerResetTestExecutionListener, org.springframework.boot.test.autoconfigure.web.servlet.MockMvcPrintOnlyOnFailureTestExecutionListener, org.springframework.boot.test.autoconfigure.web.servlet.WebDriverTestExecutionListener, org.springframework.boot.test.autoconfigure.webservices.client.MockWebServiceServerTestExecutionListener, org.springframework.test.context.web.ServletTestExecutionListener, org.springframework.test.context.support.DirtiesContextBeforeModesTestExecutionListener, org.springframework.test.context.event.ApplicationEventsTestExecutionListener, org.springframework.test.context.support.DependencyInjectionTestExecutionListener, org.springframework.test.context.support.DirtiesContextTestExecutionListener, org.springframework.test.context.transaction.TransactionalTestExecutionListener, org.springframework.test.context.jdbc.SqlScriptsTestExecutionListener, org.springframework.test.context.event.EventPublishingTestExecutionListener]
2022-05-12 02:45:00.205  INFO DESKTOP-TSE11M0 --- [           main] .b.t.c.SpringBootTestContextBootstrapper : Using TestExecutionListeners: [org.springframework.test.context.web.ServletTestExecutionListener@4854c964, org.springframework.test.context.support.DirtiesContextBeforeModesTestExecutionListener@726bbe64, org.springframework.test.context.event.ApplicationEventsTestExecutionListener@7eb91b95, org.springframework.boot.test.mock.mockito.MockitoTestExecutionListener@74a89061, org.springframework.boot.test.autoconfigure.SpringBootDependencyInjectionTestExecutionListener@1a596879, org.springframework.test.context.support.DirtiesContextTestExecutionListener@35ee7dc8, org.springframework.test.context.transaction.TransactionalTestExecutionListener@33dbd53, org.springframework.test.context.jdbc.SqlScriptsTestExecutionListener@33260ecd, org.springframework.test.context.event.EventPublishingTestExecutionListener@626db270, org.springframework.boot.test.mock.mockito.ResetMocksTestExecutionListener@24ab83c8, org.springframework.boot.test.autoconfigure.restdocs.RestDocsTestExecutionListener@4a92652b, org.springframework.boot.test.autoconfigure.web.client.MockRestServiceServerResetTestExecutionListener@49c15ad2, org.springframework.boot.test.autoconfigure.web.servlet.MockMvcPrintOnlyOnFailureTestExecutionListener@46309fa8, org.springframework.boot.test.autoconfigure.web.servlet.WebDriverTestExecutionListener@3e7de165, org.springframework.boot.test.autoconfigure.webservices.client.MockWebServiceServerTestExecutionListener@671f70bc]
2022-05-12 02:45:00.489  INFO DESKTOP-TSE11M0 --- [kground-preinit] o.h.v.i.u.Version                        : HV000001: Hibernate Validator 6.2.3.Final
2022-05-12 02:45:00.523  INFO DESKTOP-TSE11M0 --- [           main] c.u.a.UserAccountApplicationTests        : Starting UserAccountApplicationTests using Java 11.0.8-internal on DESKTOP-TSE11M0 with PID 26860 (started by ThinG in D:\Git\UserAccount\UserAccount)
2022-05-12 02:45:00.526  INFO DESKTOP-TSE11M0 --- [           main] c.u.a.UserAccountApplicationTests        : No active profile set, falling back to 1 default profile: "default"
2022-05-12 02:45:01.192  INFO DESKTOP-TSE11M0 --- [           main] .s.d.r.c.RepositoryConfigurationDelegate : Bootstrapping Spring Data JPA repositories in DEFAULT mode.
2022-05-12 02:45:01.241  INFO DESKTOP-TSE11M0 --- [           main] .s.d.r.c.RepositoryConfigurationDelegate : Finished Spring Data repository scanning in 39 ms. Found 1 JPA repository interfaces.
2022-05-12 02:45:01.972  INFO DESKTOP-TSE11M0 --- [           main] o.h.j.i.u.LogHelper                      : HHH000204: Processing PersistenceUnitInfo [name: default]
2022-05-12 02:45:02.047  INFO DESKTOP-TSE11M0 --- [           main] o.h.Version                              : HHH000412: Hibernate ORM core version 5.6.8.Final
2022-05-12 02:45:02.097  INFO DESKTOP-TSE11M0 --- [           main] o.h.a.c.Version                          : HCANN000001: Hibernate Commons Annotations {5.1.2.Final}
2022-05-12 02:45:02.432  INFO DESKTOP-TSE11M0 --- [           main] c.z.h.HikariDataSource                   : HikariPool-1 - Starting...
2022-05-12 02:45:02.824  INFO DESKTOP-TSE11M0 --- [           main] c.z.h.HikariDataSource                   : HikariPool-1 - Start completed.
2022-05-12 02:45:02.846  INFO DESKTOP-TSE11M0 --- [           main] o.h.d.Dialect                            : HHH000400: Using dialect: org.hibernate.dialect.MySQL5Dialect
2022-05-12 02:45:03.470  INFO DESKTOP-TSE11M0 --- [           main] o.h.e.t.j.p.i.JtaPlatformInitiator       : HHH000490: Using JtaPlatform implementation: [org.hibernate.engine.transaction.jta.platform.internal.NoJtaPlatform]
2022-05-12 02:45:03.480  INFO DESKTOP-TSE11M0 --- [           main] j.LocalContainerEntityManagerFactoryBean : Initialized JPA EntityManagerFactory for persistence unit 'default'
2022-05-12 02:45:04.219  WARN DESKTOP-TSE11M0 --- [           main] JpaBaseConfiguration$JpaWebConfiguration : spring.jpa.open-in-view is enabled by default. Therefore, database queries may be performed during view rendering. Explicitly configure spring.jpa.open-in-view to disable this warning
2022-05-12 02:45:04.994  INFO DESKTOP-TSE11M0 --- [           main] c.u.a.UserAccountApplicationTests        : Started UserAccountApplicationTests in 4.742 seconds (JVM running for 7.561)
2022-05-12 02:45:05.037  INFO DESKTOP-TSE11M0 --- [ionShutdownHook] j.LocalContainerEntityManagerFactoryBean : Closing JPA EntityManagerFactory for persistence unit 'default'
2022-05-12 02:45:05.039  INFO DESKTOP-TSE11M0 --- [ionShutdownHook] c.z.h.HikariDataSource                   : HikariPool-1 - Shutdown initiated...
2022-05-12 02:45:05.049  INFO DESKTOP-TSE11M0 --- [ionShutdownHook] c.z.h.HikariDataSource                   : HikariPool-1 - Shutdown completed.
2022-05-12 02:50:45.515 ERROR DESKTOP-TSE11M0 --- [           main] c.u.a.s.UserServiceImpl                  : org.springframework.web.client.RestClientException: error
2022-05-12 02:51:01.897 ERROR DESKTOP-TSE11M0 --- [           main] c.u.a.s.UserServiceImpl                  : org.springframework.web.client.RestClientException: error
2022-05-12 03:01:13.026 ERROR DESKTOP-TSE11M0 --- [           main] c.u.a.s.UserServiceImpl                  : org.springframework.web.client.RestClientException: error
2022-05-12 03:02:35.055 ERROR DESKTOP-TSE11M0 --- [           main] c.u.a.s.UserServiceImpl                  : org.springframework.web.client.RestClientException: error
2022-05-12 03:02:55.846 ERROR DESKTOP-TSE11M0 --- [           main] c.u.a.s.UserServiceImpl                  : org.springframework.web.client.RestClientException: error
2022-05-12 03:03:15.743 ERROR DESKTOP-TSE11M0 --- [           main] c.u.a.s.UserServiceImpl                  : org.springframework.web.client.RestClientException: error
2022-05-12 03:04:19.537 ERROR DESKTOP-TSE11M0 --- [           main] c.u.a.s.UserServiceImpl                  : org.springframework.web.client.RestClientException: error
2022-05-12 03:04:41.536 ERROR DESKTOP-TSE11M0 --- [           main] c.u.a.s.UserServiceImpl                  : org.springframework.web.client.RestClientException: error
2022-05-12 03:05:02.020 ERROR DESKTOP-TSE11M0 --- [           main] c.u.a.s.UserServiceImpl                  : org.springframework.web.client.RestClientException: error
2022-05-12 03:05:28.640 ERROR DESKTOP-TSE11M0 --- [           main] c.u.a.s.UserServiceImpl                  : org.springframework.web.client.RestClientException: error
2022-05-12 03:06:06.206 ERROR DESKTOP-TSE11M0 --- [           main] c.u.a.s.UserServiceImpl                  : org.springframework.web.client.RestClientException: error
2022-05-12 03:07:03.434 ERROR DESKTOP-TSE11M0 --- [           main] c.u.a.s.UserServiceImpl                  : org.springframework.web.client.RestClientException: error
2022-05-12 03:07:25.233 ERROR DESKTOP-TSE11M0 --- [           main] c.u.a.s.UserServiceImpl                  : org.springframework.web.client.RestClientException: error
2022-05-12 03:07:40.127 ERROR DESKTOP-TSE11M0 --- [           main] c.u.a.s.UserServiceImpl                  : org.springframework.web.client.RestClientException: error
2022-05-12 03:08:47.153 ERROR DESKTOP-TSE11M0 --- [           main] c.u.a.s.UserServiceImpl                  : org.springframework.web.client.RestClientException: error
2022-05-12 03:09:08.644  INFO DESKTOP-TSE11M0 --- [           main] c.u.a.c.UserController                   : UserController getAll called.
2022-05-12 03:09:08.663  INFO DESKTOP-TSE11M0 --- [           main] c.u.a.c.UserController                   : UserController getAll response: [User [firstName=first name, lastName=last name, email=test@email.com, error=[]]]
2022-05-12 03:09:08.696  INFO DESKTOP-TSE11M0 --- [           main] c.u.a.c.UserController                   : UserController createUpdateUser called. user: User [firstName=first name, lastName=last name, email=test@email.com, error=[]]
2022-05-12 03:09:08.698  INFO DESKTOP-TSE11M0 --- [           main] c.u.a.c.UserController                   : UserController createUpdateUser response: [User [firstName=first name, lastName=last name, email=test@email.com, error=[]]]
2022-05-12 03:09:08.766  INFO DESKTOP-TSE11M0 --- [           main] c.u.a.c.UserController                   : UserController deleteUserById called. id: 1
2022-05-12 03:09:08.766  INFO DESKTOP-TSE11M0 --- [           main] c.u.a.c.UserController                   : UserController deleteUserById response: [User [firstName=first name, lastName=last name, email=test@email.com, error=[]]]
2022-05-12 03:09:08.778  INFO DESKTOP-TSE11M0 --- [           main] c.u.a.c.UserController                   : UserController deleteUserById called. id: 2
2022-05-12 03:09:08.778  INFO DESKTOP-TSE11M0 --- [           main] c.u.a.c.UserController                   : UserController deleteUserById response: [User [firstName=null, lastName=null, email=null, error=[Unable to find user id: 2]]]
2022-05-12 03:09:09.066 ERROR DESKTOP-TSE11M0 --- [           main] c.u.a.s.UserServiceImpl                  : org.springframework.web.client.RestClientException: error
2022-05-12 03:09:09.167  INFO DESKTOP-TSE11M0 --- [           main] .b.t.c.SpringBootTestContextBootstrapper : Neither @ContextConfiguration nor @ContextHierarchy found for test class [com.user.account.UserAccountApplicationTests], using SpringBootContextLoader
2022-05-12 03:09:09.172  INFO DESKTOP-TSE11M0 --- [           main] o.s.t.c.s.AbstractContextLoader          : Could not detect default resource locations for test class [com.user.account.UserAccountApplicationTests]: no resource found for suffixes {-context.xml, Context.groovy}.
2022-05-12 03:09:09.173  INFO DESKTOP-TSE11M0 --- [           main] t.c.s.AnnotationConfigContextLoaderUtils : Could not detect default configuration classes for test class [com.user.account.UserAccountApplicationTests]: UserAccountApplicationTests does not declare any static, non-private, non-final, nested classes annotated with @Configuration.
2022-05-12 03:09:09.302  INFO DESKTOP-TSE11M0 --- [           main] .b.t.c.SpringBootTestContextBootstrapper : Found @SpringBootConfiguration com.user.account.UserAccountApplication for test class com.user.account.UserAccountApplicationTests
2022-05-12 03:09:09.424  INFO DESKTOP-TSE11M0 --- [           main] .b.t.c.SpringBootTestContextBootstrapper : Loaded default TestExecutionListener class names from location [META-INF/spring.factories]: [org.springframework.boot.test.mock.mockito.MockitoTestExecutionListener, org.springframework.boot.test.mock.mockito.ResetMocksTestExecutionListener, org.springframework.boot.test.autoconfigure.restdocs.RestDocsTestExecutionListener, org.springframework.boot.test.autoconfigure.web.client.MockRestServiceServerResetTestExecutionListener, org.springframework.boot.test.autoconfigure.web.servlet.MockMvcPrintOnlyOnFailureTestExecutionListener, org.springframework.boot.test.autoconfigure.web.servlet.WebDriverTestExecutionListener, org.springframework.boot.test.autoconfigure.webservices.client.MockWebServiceServerTestExecutionListener, org.springframework.test.context.web.ServletTestExecutionListener, org.springframework.test.context.support.DirtiesContextBeforeModesTestExecutionListener, org.springframework.test.context.event.ApplicationEventsTestExecutionListener, org.springframework.test.context.support.DependencyInjectionTestExecutionListener, org.springframework.test.context.support.DirtiesContextTestExecutionListener, org.springframework.test.context.transaction.TransactionalTestExecutionListener, org.springframework.test.context.jdbc.SqlScriptsTestExecutionListener, org.springframework.test.context.event.EventPublishingTestExecutionListener]
2022-05-12 03:09:09.454  INFO DESKTOP-TSE11M0 --- [           main] .b.t.c.SpringBootTestContextBootstrapper : Using TestExecutionListeners: [org.springframework.test.context.web.ServletTestExecutionListener@57e3a1b8, org.springframework.test.context.support.DirtiesContextBeforeModesTestExecutionListener@62e9a6cc, org.springframework.test.context.event.ApplicationEventsTestExecutionListener@55f77306, org.springframework.boot.test.mock.mockito.MockitoTestExecutionListener@723fadfe, org.springframework.boot.test.autoconfigure.SpringBootDependencyInjectionTestExecutionListener@389b2c60, org.springframework.test.context.support.DirtiesContextTestExecutionListener@176b3279, org.springframework.test.context.transaction.TransactionalTestExecutionListener@796a1cd1, org.springframework.test.context.jdbc.SqlScriptsTestExecutionListener@76b51e5f, org.springframework.test.context.event.EventPublishingTestExecutionListener@17acd4c5, org.springframework.boot.test.mock.mockito.ResetMocksTestExecutionListener@591ad4b3, org.springframework.boot.test.autoconfigure.restdocs.RestDocsTestExecutionListener@70bfc7d5, org.springframework.boot.test.autoconfigure.web.client.MockRestServiceServerResetTestExecutionListener@2ea6687b, org.springframework.boot.test.autoconfigure.web.servlet.MockMvcPrintOnlyOnFailureTestExecutionListener@5fdd9b96, org.springframework.boot.test.autoconfigure.web.servlet.WebDriverTestExecutionListener@50ed6392, org.springframework.boot.test.autoconfigure.webservices.client.MockWebServiceServerTestExecutionListener@5ee29735]
2022-05-12 03:09:09.721  INFO DESKTOP-TSE11M0 --- [kground-preinit] o.h.v.i.u.Version                        : HV000001: Hibernate Validator 6.2.3.Final
2022-05-12 03:09:09.750  INFO DESKTOP-TSE11M0 --- [           main] c.u.a.UserAccountApplicationTests        : Starting UserAccountApplicationTests using Java 11.0.8-internal on DESKTOP-TSE11M0 with PID 23084 (started by ThinG in D:\Git\UserAccount\UserAccount)
2022-05-12 03:09:09.760  INFO DESKTOP-TSE11M0 --- [           main] c.u.a.UserAccountApplicationTests        : No active profile set, falling back to 1 default profile: "default"
2022-05-12 03:09:10.528  INFO DESKTOP-TSE11M0 --- [           main] .s.d.r.c.RepositoryConfigurationDelegate : Bootstrapping Spring Data JPA repositories in DEFAULT mode.
2022-05-12 03:09:10.583  INFO DESKTOP-TSE11M0 --- [           main] .s.d.r.c.RepositoryConfigurationDelegate : Finished Spring Data repository scanning in 44 ms. Found 1 JPA repository interfaces.
2022-05-12 03:09:11.313  INFO DESKTOP-TSE11M0 --- [           main] o.h.j.i.u.LogHelper                      : HHH000204: Processing PersistenceUnitInfo [name: default]
2022-05-12 03:09:11.390  INFO DESKTOP-TSE11M0 --- [           main] o.h.Version                              : HHH000412: Hibernate ORM core version 5.6.8.Final
2022-05-12 03:09:11.443  INFO DESKTOP-TSE11M0 --- [           main] o.h.a.c.Version                          : HCANN000001: Hibernate Commons Annotations {5.1.2.Final}
2022-05-12 03:09:11.802  INFO DESKTOP-TSE11M0 --- [           main] c.z.h.HikariDataSource                   : HikariPool-1 - Starting...
2022-05-12 03:09:12.198  INFO DESKTOP-TSE11M0 --- [           main] c.z.h.HikariDataSource                   : HikariPool-1 - Start completed.
2022-05-12 03:09:12.219  INFO DESKTOP-TSE11M0 --- [           main] o.h.d.Dialect                            : HHH000400: Using dialect: org.hibernate.dialect.MySQL5Dialect
2022-05-12 03:09:12.870  INFO DESKTOP-TSE11M0 --- [           main] o.h.e.t.j.p.i.JtaPlatformInitiator       : HHH000490: Using JtaPlatform implementation: [org.hibernate.engine.transaction.jta.platform.internal.NoJtaPlatform]
2022-05-12 03:09:12.881  INFO DESKTOP-TSE11M0 --- [           main] j.LocalContainerEntityManagerFactoryBean : Initialized JPA EntityManagerFactory for persistence unit 'default'
2022-05-12 03:09:13.653  WARN DESKTOP-TSE11M0 --- [           main] JpaBaseConfiguration$JpaWebConfiguration : spring.jpa.open-in-view is enabled by default. Therefore, database queries may be performed during view rendering. Explicitly configure spring.jpa.open-in-view to disable this warning
2022-05-12 03:09:14.337  INFO DESKTOP-TSE11M0 --- [           main] c.u.a.UserAccountApplicationTests        : Started UserAccountApplicationTests in 4.843 seconds (JVM running for 7.685)
2022-05-12 03:09:14.379  INFO DESKTOP-TSE11M0 --- [ionShutdownHook] j.LocalContainerEntityManagerFactoryBean : Closing JPA EntityManagerFactory for persistence unit 'default'
2022-05-12 03:09:14.381  INFO DESKTOP-TSE11M0 --- [ionShutdownHook] c.z.h.HikariDataSource                   : HikariPool-1 - Shutdown initiated...
2022-05-12 03:09:14.394  INFO DESKTOP-TSE11M0 --- [ionShutdownHook] c.z.h.HikariDataSource                   : HikariPool-1 - Shutdown completed.
2022-05-12 03:21:46.746  INFO DESKTOP-TSE11M0 --- [kground-preinit] o.h.v.i.u.Version                        : HV000001: Hibernate Validator 6.2.3.Final
2022-05-12 03:21:46.802  INFO DESKTOP-TSE11M0 --- [           main] c.u.a.UserAccountApplication             : Starting UserAccountApplication using Java 11.0.8-internal on DESKTOP-TSE11M0 with PID 6984 (D:\Git\UserAccount\UserAccount\target\classes started by ThinG in D:\Git\UserAccount\UserAccount)
2022-05-12 03:21:46.807  INFO DESKTOP-TSE11M0 --- [           main] c.u.a.UserAccountApplication             : No active profile set, falling back to 1 default profile: "default"
2022-05-12 03:21:47.477  INFO DESKTOP-TSE11M0 --- [           main] .s.d.r.c.RepositoryConfigurationDelegate : Bootstrapping Spring Data JPA repositories in DEFAULT mode.
2022-05-12 03:21:47.527  INFO DESKTOP-TSE11M0 --- [           main] .s.d.r.c.RepositoryConfigurationDelegate : Finished Spring Data repository scanning in 40 ms. Found 1 JPA repository interfaces.
2022-05-12 03:21:48.363  INFO DESKTOP-TSE11M0 --- [           main] o.s.b.w.e.t.TomcatWebServer              : Tomcat initialized with port(s): 8080 (http)
2022-05-12 03:21:48.377  INFO DESKTOP-TSE11M0 --- [           main] o.a.c.h.Http11NioProtocol                : Initializing ProtocolHandler ["http-nio-8080"]
2022-05-12 03:21:48.378  INFO DESKTOP-TSE11M0 --- [           main] o.a.c.c.StandardService                  : Starting service [Tomcat]
2022-05-12 03:21:48.378  INFO DESKTOP-TSE11M0 --- [           main] o.a.c.c.StandardEngine                   : Starting Servlet engine: [Apache Tomcat/9.0.62]
2022-05-12 03:21:48.548  INFO DESKTOP-TSE11M0 --- [           main] o.a.c.c.C.[.[.[/]                        : Initializing Spring embedded WebApplicationContext
2022-05-12 03:21:48.548  INFO DESKTOP-TSE11M0 --- [           main] w.s.c.ServletWebServerApplicationContext : Root WebApplicationContext: initialization completed in 1691 ms
2022-05-12 03:21:48.739  INFO DESKTOP-TSE11M0 --- [           main] o.h.j.i.u.LogHelper                      : HHH000204: Processing PersistenceUnitInfo [name: default]
2022-05-12 03:21:48.813  INFO DESKTOP-TSE11M0 --- [           main] o.h.Version                              : HHH000412: Hibernate ORM core version 5.6.8.Final
2022-05-12 03:21:48.988  INFO DESKTOP-TSE11M0 --- [           main] o.h.a.c.Version                          : HCANN000001: Hibernate Commons Annotations {5.1.2.Final}
2022-05-12 03:21:49.093  INFO DESKTOP-TSE11M0 --- [           main] c.z.h.HikariDataSource                   : HikariPool-1 - Starting...
2022-05-12 03:21:49.399  INFO DESKTOP-TSE11M0 --- [           main] c.z.h.HikariDataSource                   : HikariPool-1 - Start completed.
2022-05-12 03:21:49.417  INFO DESKTOP-TSE11M0 --- [           main] o.h.d.Dialect                            : HHH000400: Using dialect: org.hibernate.dialect.MySQL5Dialect
2022-05-12 03:21:50.080  INFO DESKTOP-TSE11M0 --- [           main] o.h.e.t.j.p.i.JtaPlatformInitiator       : HHH000490: Using JtaPlatform implementation: [org.hibernate.engine.transaction.jta.platform.internal.NoJtaPlatform]
2022-05-12 03:21:50.088  INFO DESKTOP-TSE11M0 --- [           main] j.LocalContainerEntityManagerFactoryBean : Initialized JPA EntityManagerFactory for persistence unit 'default'
2022-05-12 03:21:50.559  WARN DESKTOP-TSE11M0 --- [           main] JpaBaseConfiguration$JpaWebConfiguration : spring.jpa.open-in-view is enabled by default. Therefore, database queries may be performed during view rendering. Explicitly configure spring.jpa.open-in-view to disable this warning
2022-05-12 03:21:50.907  INFO DESKTOP-TSE11M0 --- [           main] o.a.c.h.Http11NioProtocol                : Starting ProtocolHandler ["http-nio-8080"]
2022-05-12 03:21:50.932  INFO DESKTOP-TSE11M0 --- [           main] o.s.b.w.e.t.TomcatWebServer              : Tomcat started on port(s): 8080 (http) with context path ''
2022-05-12 03:21:50.939  INFO DESKTOP-TSE11M0 --- [           main] c.u.a.UserAccountApplication             : Started UserAccountApplication in 4.512 seconds (JVM running for 5.611)
2022-05-12 03:23:30.130  INFO DESKTOP-TSE11M0 --- [kground-preinit] o.h.v.i.u.Version                        : HV000001: Hibernate Validator 6.2.3.Final
2022-05-12 03:23:30.163  INFO DESKTOP-TSE11M0 --- [           main] c.u.a.UserAccountApplication             : Starting UserAccountApplication using Java 11.0.8-internal on DESKTOP-TSE11M0 with PID 27524 (D:\Git\UserAccount\UserAccount\target\classes started by ThinG in D:\Git\UserAccount\UserAccount)
2022-05-12 03:23:30.167  INFO DESKTOP-TSE11M0 --- [           main] c.u.a.UserAccountApplication             : No active profile set, falling back to 1 default profile: "default"
2022-05-12 03:23:30.688  INFO DESKTOP-TSE11M0 --- [           main] .s.d.r.c.RepositoryConfigurationDelegate : Bootstrapping Spring Data JPA repositories in DEFAULT mode.
2022-05-12 03:23:30.728  INFO DESKTOP-TSE11M0 --- [           main] .s.d.r.c.RepositoryConfigurationDelegate : Finished Spring Data repository scanning in 32 ms. Found 1 JPA repository interfaces.
2022-05-12 03:23:31.355  INFO DESKTOP-TSE11M0 --- [           main] o.s.b.w.e.t.TomcatWebServer              : Tomcat initialized with port(s): 8080 (http)
2022-05-12 03:23:31.363  INFO DESKTOP-TSE11M0 --- [           main] o.a.c.h.Http11NioProtocol                : Initializing ProtocolHandler ["http-nio-8080"]
2022-05-12 03:23:31.363  INFO DESKTOP-TSE11M0 --- [           main] o.a.c.c.StandardService                  : Starting service [Tomcat]
2022-05-12 03:23:31.363  INFO DESKTOP-TSE11M0 --- [           main] o.a.c.c.StandardEngine                   : Starting Servlet engine: [Apache Tomcat/9.0.62]
2022-05-12 03:23:31.465  INFO DESKTOP-TSE11M0 --- [           main] o.a.c.c.C.[.[.[/]                        : Initializing Spring embedded WebApplicationContext
2022-05-12 03:23:31.465  INFO DESKTOP-TSE11M0 --- [           main] w.s.c.ServletWebServerApplicationContext : Root WebApplicationContext: initialization completed in 1267 ms
2022-05-12 03:23:31.590  INFO DESKTOP-TSE11M0 --- [           main] o.h.j.i.u.LogHelper                      : HHH000204: Processing PersistenceUnitInfo [name: default]
2022-05-12 03:23:31.632  INFO DESKTOP-TSE11M0 --- [           main] o.h.Version                              : HHH000412: Hibernate ORM core version 5.6.8.Final
2022-05-12 03:23:31.763  INFO DESKTOP-TSE11M0 --- [           main] o.h.a.c.Version                          : HCANN000001: Hibernate Commons Annotations {5.1.2.Final}
2022-05-12 03:23:31.843  INFO DESKTOP-TSE11M0 --- [           main] c.z.h.HikariDataSource                   : HikariPool-1 - Starting...
2022-05-12 03:23:32.093  INFO DESKTOP-TSE11M0 --- [           main] c.z.h.HikariDataSource                   : HikariPool-1 - Start completed.
2022-05-12 03:23:32.106  INFO DESKTOP-TSE11M0 --- [           main] o.h.d.Dialect                            : HHH000400: Using dialect: org.hibernate.dialect.MySQL5Dialect
2022-05-12 03:23:32.629  INFO DESKTOP-TSE11M0 --- [           main] o.h.e.t.j.p.i.JtaPlatformInitiator       : HHH000490: Using JtaPlatform implementation: [org.hibernate.engine.transaction.jta.platform.internal.NoJtaPlatform]
2022-05-12 03:23:32.635  INFO DESKTOP-TSE11M0 --- [           main] j.LocalContainerEntityManagerFactoryBean : Initialized JPA EntityManagerFactory for persistence unit 'default'
2022-05-12 03:23:33.014  WARN DESKTOP-TSE11M0 --- [           main] JpaBaseConfiguration$JpaWebConfiguration : spring.jpa.open-in-view is enabled by default. Therefore, database queries may be performed during view rendering. Explicitly configure spring.jpa.open-in-view to disable this warning
2022-05-12 03:23:33.330  INFO DESKTOP-TSE11M0 --- [           main] o.a.c.h.Http11NioProtocol                : Starting ProtocolHandler ["http-nio-8080"]
2022-05-12 03:23:33.346  INFO DESKTOP-TSE11M0 --- [           main] o.s.b.w.e.t.TomcatWebServer              : Tomcat started on port(s): 8080 (http) with context path ''
2022-05-12 03:23:33.353  INFO DESKTOP-TSE11M0 --- [           main] c.u.a.UserAccountApplication             : Started UserAccountApplication in 3.457 seconds (JVM running for 4.137)
2022-05-12 03:23:44.888  INFO DESKTOP-TSE11M0 --- [nio-8080-exec-1] o.a.c.c.C.[.[.[/]                        : Initializing Spring DispatcherServlet 'dispatcherServlet'
2022-05-12 03:23:44.888  INFO DESKTOP-TSE11M0 --- [nio-8080-exec-1] o.s.w.s.DispatcherServlet                : Initializing Servlet 'dispatcherServlet'
2022-05-12 03:23:44.889  INFO DESKTOP-TSE11M0 --- [nio-8080-exec-1] o.s.w.s.DispatcherServlet                : Completed initialization in 1 ms
2022-05-12 03:23:45.014  INFO DESKTOP-TSE11M0 --- [nio-8080-exec-1] c.u.a.c.UserController                   : UserController createUpdateUser called. user: User [firstName=First Name, lastName=Last Name, email=email4@test.com, error=[]]
2022-05-12 03:23:45.342  INFO DESKTOP-TSE11M0 --- [nio-8080-exec-1] c.u.a.c.UserController                   : UserController createUpdateUser response: [User [firstName=First Name, lastName=Last Name, email=email4@test.com, error=[Email address already used!, This user is blacklisted! First Name: First Name, Last Name: Last Name]]]
2022-05-12 03:24:36.458  INFO DESKTOP-TSE11M0 --- [nio-8080-exec-3] c.u.a.c.UserController                   : UserController createUpdateUser called. user: User [firstName=First Name, lastName=Last Name, email=email4@test.com, error=[]]
2022-05-12 03:24:38.467 ERROR DESKTOP-TSE11M0 --- [nio-8080-exec-3] c.u.a.s.UserServiceImpl                  : org.springframework.web.client.ResourceAccessException: I/O error on POST request for "http://localhost:8081/blacklist-user/checkBlacklistUser": Connection refused: connect; nested exception is java.net.ConnectException: Connection refused: connect
2022-05-12 03:24:38.468  INFO DESKTOP-TSE11M0 --- [nio-8080-exec-3] c.u.a.c.UserController                   : UserController createUpdateUser response: [User [firstName=First Name, lastName=Last Name, email=email4@test.com, error=[Email address already used!, Unable to call Blacklist API! Please try again later.]]]
